
> prototype@0.1.0 build
> next build

▲ Next.js 16.1.6 (Turbopack)

  Creating an optimized production build ...
✓ Compiled successfully in 9.7s
  Running TypeScript ...
  Collecting page data using 1 worker ...
  Generating static pages using 1 worker (0/14) ...
  Generating static pages using 1 worker (3/14) 
  Generating static pages using 1 worker (6/14) 
  Generating static pages using 1 worker (10/14) 
✓ Generating static pages using 1 worker (14/14) in 337.8ms
  Finalizing page optimization ...

Route (app)
┌ ○ /
├ ○ /_not-found
├ ƒ /api/categories/[slug]
├ ƒ /api/markets/[slug]
├ ƒ /api/markets/create
├ ƒ /api/positions/create
├ ƒ /api/positions/preview
├ ƒ /api/users/[username]
├ ƒ /api/users/me/notifications
├ ƒ /api/users/me/positions
├ ƒ /api/users/me/settings
├ ƒ /categories/[slug]
├ ƒ /markets/[slug]
├ ○ /markets/create
├ ○ /my-positions
├ ○ /notifications
├ ○ /settings
└ ƒ /users/[username]


○  (Static)   prerendered as static content
ƒ  (Dynamic)  server-rendered on demand

